wsquarepa#4447 earned $1500 from the daily command.
The Reverse Flash#9098 earned $1500 from the daily command.
wsquarepa#4447 works and earned $421
wsquarepa#4447 bought 1 fishingrods.
wsquarepa#4447 bought 1 Cages.
The Reverse Flash#9098 works and earned $487
The Reverse Flash#9098 earned $173 from the hunt command.
The Reverse Flash#9098 bought 1 Fishingrods.
The Reverse Flash#9098 earned $75 from a fish.
The Reverse Flash#9098 earned $196 from the hunt command.
The Reverse Flash#9098 earned 22 from chat-money.
The Reverse Flash#9098 earned $100 from the rps command.
The Reverse Flash#9098 earned 22 from chat-money.
The Reverse Flash#9098 bought 1 Cages.
The Reverse Flash#9098 earned $109 from a crab.
The Reverse Flash#9098 earned 6 from chat-money.
The Reverse Flash#9098 bought 1 Knifes.
The Reverse Flash#9098 earned $159 from the hunt command.
The Reverse Flash#9098 earned $82 from a fish.
The Reverse Flash#9098 earned $112 from a crab.
The Reverse Flash#9098 earned 25 from chat-money.
The Reverse Flash#9098 earned $100 from the rps command.
The Reverse Flash#9098 earned $1650 from a gem.
The Reverse Flash#9098 earned $61 from a fish.
The Reverse Flash#9098 earned $109 from a crab.
ミラベル#5609 earned 22 from chat-money.
niner#1398 earned 6 from chat-money.
niner#1398 earned 25 from chat-money.
฿Ɇ₮ⱧØ#7590 earned 1 gem from chatting.
Enthusiast Shadow#1467 earned 9 from chat-money.
niner#1398 earned 23 from chat-money.
Enthusiast Shadow#1467 earned 20 from chat-money.
Enthusiast Shadow#1467 earned 1 gem from chatting.
Enthusiast Shadow#1467 earned 4 from chat-money.
Enthusiast Shadow#1467 earned 1 gem from chatting.
฿Ɇ₮ⱧØ#7590 earned 7 from chat-money.
Enthusiast Shadow#1467 earned 5 from chat-money.
niner#1398 earned 24 from chat-money.
The Reverse Flash#9098 works and earned $496
The Reverse Flash#9098 earned 9 from chat-money.
The Reverse Flash#9098 earned $116 from a crab.
The Reverse Flash#9098 earned $0 from the search command.
The Reverse Flash#9098 earned $83 from the hunt command.
The Reverse Flash#9098 earned $148 from the hunt command.
The Reverse Flash#9098 earned $1500 from the daily command.
Stuff and Magic 2#3276 earned 1 from chat-money.
฿Ɇ₮ⱧØ#7590 earned 7 from chat-money.
wsquarepa#4447 earned 1 from chat-money.
wsquarepa#4447 earned 2 from chat-money.
